[+] Containers:
 |- [+] Container: /Game/ThirdPerson/Maps/ThirdPersonMap
 |   |- [+] ActorDescs:
 |   |   |- Guid:0063E22B4E00B661EE6688B213B5E57F BaseClass: NativeClass:/Script/Engine.StaticMeshActor Name:StaticMeshActor_UAID_7486E2133B2D658301_1657001321 Label:SM_Cave_Rock_Large8 SpatiallyLoaded:1 Bounds:IsValid=true, Min=(X=-2216.883 Y=2769.975 Z=-271.661), Max=(X=-747.603 Y=4281.366 Z=1408.297) RuntimeGrid:None EditorOnly:0 RuntimeOnly:0 HLODRelevant:1
 |   |   |- Guid:026E055943F62A2925E39FBD429022EE BaseClass: NativeClass:/Script/Engine.StaticMeshActor Name:StaticMeshActor_UAID_7486E2133B2D668301_1785790451 Label:SM_Cave_Roots02 SpatiallyLoaded:1 Bounds:IsValid=true, Min=(X=-3732.961 Y=4778.026 Z=52.301), Max=(X=-3096.047 Y=5369.737 Z=143.327) RuntimeGrid:None EditorOnly:0 RuntimeOnly:0 HLODRelevant:1
 |   |   |- Guid:0A656F7C4596C2C1AF9BE28F3AB4396D BaseClass: NativeClass:/Script/Engine.StaticMeshActor Name:StaticMeshActor_UAID_7486E2133B2D658301_1164738300 Label:SM_Cave_Rock_Large02 SpatiallyLoaded:1 Bounds:IsValid=true, Min=(X=-6744.180 Y=4489.709 Z=-741.083), Max=(X=-5418.761 Y=5746.438 Z=938.875) RuntimeGrid:None EditorOnly:0 RuntimeOnly:0 HLODRelevant:1
 |   |   |- Guid:0A7FF37E4EC7970C2EAEFC8DB3021491 BaseClass: NativeClass:/Script/Engine.StaticMeshActor Name:StaticMeshActor_UAID_7486E2133B2D648301_2131609122 Label:SM_Cave_Rock_CurvedWall SpatiallyLoaded:1 Bounds:IsValid=true, Min=(X=-2372.729 Y=4040.197 Z=-55.411), Max=(X=-394.330 Y=6448.387 Z=1340.142) RuntimeGrid:None EditorOnly:0 RuntimeOnly:0 HLODRelevant:1
 |   |   |- Guid:0E5715474A55E72B290C58A95A8290F0 BaseClass: NativeClass:/Script/Engine.StaticMeshActor Name:StaticMeshActor_UAID_7486E2133B2D648301_1664754104 Label:SM_Cave_Floor_Stairs_Quarter4 SpatiallyLoaded:1 Bounds:IsValid=true, Min=(X=-5651.624 Y=5142.752 Z=84.273), Max=(X=-5140.362 Y=5653.992 Z=170.484) RuntimeGrid:None EditorOnly:0 RuntimeOnly:0 HLODRelevant:1
 |   |   |- Guid:108868884EDE562C3C2F70A81B073501 BaseClass: NativeClass:/Script/Landscape.Landscape Name:Landscape_UAID_7486E2133B2D638301_1391172919 Label:Landscape SpatiallyLoaded:0 Bounds:IsValid=true, Min=(X=-6000.000 Y=-6000.000 Z=100.000), Max=(X=-6000.000 Y=-6000.000 Z=100.000) RuntimeGrid:None EditorOnly:0 RuntimeOnly:0 HLODRelevant:0
 |   |   |- Guid:10A32CFF4AB6E2A6EA36BC9221F4F496 BaseClass: NativeClass:/Script/Engine.StaticMeshActor Name:StaticMeshActor_UAID_7486E2133B2D648301_1448688095 Label:SM_Cave_Statue_01 SpatiallyLoaded:1 Bounds:IsValid=true, Min=(X=-3162.060 Y=5399.155 Z=109.886), Max=(X=-2968.466 Y=5616.786 Z=420.796) RuntimeGrid:None EditorOnly:0 RuntimeOnly:0 HLODRelevant:1
 |   |   |- Guid:1173FBA44E091C58F0BDDE823D5FAF72 BaseClass: NativeClass:/Script/Engine.StaticMeshActor Name:StaticMeshActor_UAID_7486E2133B2D658301_1372597307 Label:SM_Cave_Rock_Large4 SpatiallyLoaded:1 Bounds:IsValid=true, Min=(X=-5764.437 Y=5544.076 Z=-325.298), Max=(X=-3937.207 Y=7033.974 Z=1669.525) RuntimeGrid:None EditorOnly:0 RuntimeOnly:0 HLODRelevant:1
 |   |   |- Guid:124CC6444943135A70FC688D38AF07A6 BaseClass: NativeClass:/Script/Engine.StaticMeshActor Name:StaticMeshActor_UAID_7486E2133B2D648301_1823858110 Label:SM_MergedMesh_Cave_Rock_Large02_5 SpatiallyLoaded:1 Bounds:IsValid=true, Min=(X=-829.008 Y=183.288 Z=-5708.922), Max=(X=11646.854 Y=13016.635 Z=4658.167) RuntimeGrid:None EditorOnly:0 RuntimeOnly:0 HLODRelevant:1
 |   |   |- Guid:14C149E84369E1640716659085677CCB BaseClass: NativeClass:/Script/Engine.StaticMeshActor Name:StaticMeshActor_UAID_7486E2133B2D648301_1537516099 Label:SM_Cave_Statue_5 SpatiallyLoaded:1 Bounds:IsValid=true, Min=(X=-2245.364 Y=4678.992 Z=109.886), Max=(X=-2051.769 Y=4896.623 Z=420.796) RuntimeGrid:None EditorOnly:0 RuntimeOnly:0 HLODRelevant:1
 |   |   |- Guid:1967F22C44B5F4377F7ACE89211458B8 BaseClass: NativeClass:/Script/Engine.StaticMeshActor Name:StaticMeshActor_UAID_7486E2133B2D658301_1597168317 Label:SM_Cave_Rock_Flat01 SpatiallyLoaded:1 Bounds:IsValid=true, Min=(X=-6104.894 Y=4959.775 Z=577.797), Max=(X=-5773.853 Y=5304.759 Z=835.223) RuntimeGrid:None EditorOnly:0 RuntimeOnly:0 HLODRelevant:1
 |   |   |- Guid:1D2892A34F2CC02A5B5A8ABE640A03E8 BaseClass: NativeClass:/Script/Landscape.LandscapeStreamingProxy Name:LandscapeStreamingProxy_267Z7CA9HFDVDWQLP83GK8SAT_30_3_0_0 Label:LandscapeStreamingProxy_3_0_0 SpatiallyLoaded:1 Bounds:IsValid=true, Min=(X=3000.000 Y=-6000.000 Z=0.000), Max=(X=6000.000 Y=-3000.000 Z=200.000) RuntimeGrid:None EditorOnly:0 RuntimeOnly:0 HLODRelevant:1
 |   |   |- Guid:21C76DD54C49165CB6A1EF86AFB0FE2F BaseClass: NativeClass:/Script/Engine.StaticMeshActor Name:StaticMeshActor_UAID_7486E2133B2D658301_1565252315 Label:SM_Cave_Rock_Path_Single SpatiallyLoaded:1 Bounds:IsValid=true, Min=(X=-6443.637 Y=3712.432 Z=780.382), Max=(X=-5657.650 Y=4459.838 Z=1559.149) RuntimeGrid:None EditorOnly:0 RuntimeOnly:0 HLODRelevant:1
 |   |   |- Guid:22D9A2254CE52A5DC8F6EF9F66B91261 BaseClass: NativeClass:/Script/Engine.StaticMeshActor Name:StaticMeshActor_UAID_7486E2133B2D648301_2081963120 Label:SM_slum_stairs_slumStairs_03 SpatiallyLoaded:1 Bounds:IsValid=true, Min=(X=-1128.458 Y=4727.798 Z=92.900), Max=(X=-819.380 Y=5383.614 Z=238.345) RuntimeGrid:None EditorOnly:0 RuntimeOnly:0 HLODRelevant:1
 |   |   |- Guid:2848B2604DBF03F4964DEE8783025C78 BaseClass: NativeClass:/Script/Engine.StaticMeshActor Name:StaticMeshActor_UAID_7486E2133B2D648301_1537516100 Label:SM_Cave_Statue_6 SpatiallyLoaded:1 Bounds:IsValid=true, Min=(X=-2706.319 Y=4678.992 Z=109.886), Max=(X=-2512.724 Y=4896.623 Z=420.796) RuntimeGrid:None EditorOnly:0 RuntimeOnly:0 HLODRelevant:1
 |   |   |- Guid:2E93F9834E6281FC56D7A99F0E6E0671 BaseClass: NativeClass:/Script/Engine.StaticMeshActor Name:StaticMeshActor_UAID_7486E2133B2D658301_1654643320 Label:SM_Cave_Rock_Large7 SpatiallyLoaded:1 Bounds:IsValid=true, Min=(X=-3147.919 Y=2769.975 Z=-271.661), Max=(X=-1678.639 Y=4281.366 Z=1408.297) RuntimeGrid:None EditorOnly:0 RuntimeOnly:0 HLODRelevant:1
 |   |   |- Guid:2F1055534607532F3C345D8661E96336 BaseClass: NativeClass:/Script/Engine.StaticMeshActor Name:StaticMeshActor_UAID_7486E2133B2D648301_1973529116 Label:SM_TreeMerge_2 SpatiallyLoaded:1 Bounds:IsValid=true, Min=(X=-5222.764 Y=-6486.053 Z=-170.864), Max=(X=2228.065 Y=-577.582 Z=2469.653) RuntimeGrid:None EditorOnly:0 RuntimeOnly:0 HLODRelevant:1
 |   |   |- Guid:2F2B97034A1444304A1F459204A67BF3 BaseClass: NativeClass:/Script/Engine.StaticMeshActor Name:StaticMeshActor_UAID_7486E2133B2D658301_1491904312 Label:SM_S_Soul_Flatrock SpatiallyLoaded:1 Bounds:IsValid=true, Min=(X=-6083.569 Y=5023.550 Z=601.758), Max=(X=-5787.970 Y=5397.343 Z=974.543) RuntimeGrid:None EditorOnly:0 RuntimeOnly:0 HLODRelevant:1
 |   |   |- Guid:2FB58999456391D349DC0F86DAC136ED BaseClass: NativeClass:/Script/Engine.SkyLight Name:SkyLight_1 Label:SkyLight SpatiallyLoaded:0 Bounds:IsValid=true, Min=(X=0.000 Y=0.000 Z=690.000), Max=(X=0.000 Y=0.000 Z=690.000) RuntimeGrid:None EditorOnly:0 RuntimeOnly:0 HLODRelevant:0 FolderPath:Lighting FolderGuid:963EC3EB4002CCE9759E2EBA541A873A
 |   |   |- Guid:316CF2A6494ACA4C0E4180A87D36AB8F BaseClass: NativeClass:/Script/Engine.ExponentialHeightFog Name:ExponentialHeightFog_0 Label:ExponentialHeightFog SpatiallyLoaded:0 Bounds:IsValid=true, Min=(X=-5600.000 Y=-50.000 Z=-6850.000), Max=(X=-5600.000 Y=-50.000 Z=-6850.000) RuntimeGrid:None EditorOnly:0 RuntimeOnly:0 HLODRelevant:0 FolderPath:Lighting FolderGuid:963EC3EB4002CCE9759E2EBA541A873A
 |   |   |- Guid:3601FBE34D6DB1BCF1BAF0B250A338DD BaseClass: NativeClass:/Script/Landscape.LandscapeStreamingProxy Name:LandscapeStreamingProxy_267Z7CA9HFDVDWQLP83GK8SAT_30_3_1_0 Label:LandscapeStreamingProxy_3_1_0 SpatiallyLoaded:1 Bounds:IsValid=true, Min=(X=3000.000 Y=-3000.000 Z=0.000), Max=(X=6000.000 Y=0.000 Z=200.000) RuntimeGrid:None EditorOnly:0 RuntimeOnly:0 HLODRelevant:1
 |   |   |- Guid:3A00AA1C422CE54C0BDB60BAF471BFBB BaseClass: NativeClass:/Script/Engine.PlayerStart Name:PlayerStart_0 Label:PlayerStart SpatiallyLoaded:0 Bounds:IsValid=true, Min=(X=-5184.758 Y=5102.938 Z=150.226), Max=(X=-5100.559 Y=5187.138 Z=334.226) RuntimeGrid:None EditorOnly:0 RuntimeOnly:0 HLODRelevant:0
 |   |   |- Guid:3D7D90BF412507015EC63FB639BCDB92 BaseClass: NativeClass:/Script/Engine.StaticMeshActor Name:StaticMeshActor_UAID_7486E2133B2D668301_1752502447 Label:SM_S_Soul_bush SpatiallyLoaded:1 Bounds:IsValid=true, Min=(X=-4576.680 Y=4217.697 Z=100.208), Max=(X=-4056.248 Y=4571.161 Z=693.808) RuntimeGrid:None EditorOnly:0 RuntimeOnly:0 HLODRelevant:1
 |   |   |- Guid:3E860CB248694C54CC3DE89592940D39 BaseClass: NativeClass:/Script/Engine.StaticMeshActor Name:StaticMeshActor_UAID_7486E2133B2D648301_1212040100 Label:SM_Cave_Arches SpatiallyLoaded:1 Bounds:IsValid=true, Min=(X=-4266.032 Y=-3189.920 Z=-1026.428), Max=(X=2272.402 Y=1959.387 Z=3978.533) RuntimeGrid:None EditorOnly:0 RuntimeOnly:0 HLODRelevant:1
 |   |   |- Guid:3E90C9FD495B95C7FB436985AD7404FB BaseClass: NativeClass:/Script/Landscape.LandscapeStreamingProxy Name:LandscapeStreamingProxy_267Z7CA9HFDVDWQLP83GK8SAT_30_1_2_0 Label:LandscapeStreamingProxy_1_2_0 SpatiallyLoaded:1 Bounds:IsValid=true, Min=(X=-3000.000 Y=0.000 Z=0.000), Max=(X=0.000 Y=3000.000 Z=200.000) RuntimeGrid:None EditorOnly:0 RuntimeOnly:0 HLODRelevant:1
 |   |   |- Guid:4133BB974C0770A1EA229BB9B8D2E713 BaseClass: NativeClass:/Script/Landscape.LandscapeStreamingProxy Name:LandscapeStreamingProxy_267Z7CA9HFDVDWQLP83GK8SAT_30_0_0_0 Label:LandscapeStreamingProxy_0_0_0 SpatiallyLoaded:1 Bounds:IsValid=true, Min=(X=-6000.000 Y=-6000.000 Z=0.000), Max=(X=-3000.000 Y=-3000.000 Z=200.000) RuntimeGrid:None EditorOnly:0 RuntimeOnly:0 HLODRelevant:1
 |   |   |- Guid:47E3C22348A5169F004118A437B0D650 BaseClass: NativeClass:/Script/Engine.StaticMeshActor Name:StaticMeshActor_UAID_7486E2133B2D648301_1501245096 Label:SM_Cave_Statue_2 SpatiallyLoaded:1 Bounds:IsValid=true, Min=(X=-2245.364 Y=5399.155 Z=109.886), Max=(X=-2051.769 Y=5616.786 Z=420.796) RuntimeGrid:None EditorOnly:0 RuntimeOnly:0 HLODRelevant:1
 |   |   |- Guid:4D3BE93F4146AAAC8BBE79999D96D57F BaseClass: NativeClass:/Script/Engine.VolumetricCloud Name:VolumetricCloud_0 Label:VolumetricCloud SpatiallyLoaded:0 Bounds:IsValid=true, Min=(X=0.000 Y=0.000 Z=820.000), Max=(X=0.000 Y=0.000 Z=820.000) RuntimeGrid:None EditorOnly:0 RuntimeOnly:0 HLODRelevant:0 FolderPath:Lighting FolderGuid:963EC3EB4002CCE9759E2EBA541A873A
 |   |   |- Guid:5A0EB1984DBC59A1E27EA6AE82619F8C BaseClass: NativeClass:/Script/Engine.StaticMeshActor Name:StaticMeshActor_UAID_7486E2133B2D658301_1732201325 Label:SM_Cave_Rock_Large01_REDO2 SpatiallyLoaded:1 Bounds:IsValid=true, Min=(X=-5607.729 Y=3140.267 Z=385.767), Max=(X=-4865.615 Y=3875.440 Z=1783.622) RuntimeGrid:None EditorOnly:0 RuntimeOnly:0 HLODRelevant:1
 |   |   |- Guid:5D3C14824AF3F8168ED37BBB8B3F977E BaseClass: NativeClass:/Script/Engine.StaticMeshActor Name:StaticMeshActor_UAID_7486E2133B2D658301_1825939330 Label:SM_Cave_Rock_Large9 SpatiallyLoaded:1 Bounds:IsValid=true, Min=(X=-5841.214 Y=5186.256 Z=354.961), Max=(X=-3802.109 Y=6275.289 Z=2334.425) RuntimeGrid:None EditorOnly:0 RuntimeOnly:0 HLODRelevant:1
 |   |   |- Guid:5F13E30C4E120F08EB8B8E8F38959FA2 BaseClass: NativeClass:/Script/Engine.StaticMeshActor Name:StaticMeshActor_UAID_7486E2133B2D658301_1611068318 Label:SM_Cave_Rock_Large3 SpatiallyLoaded:1 Bounds:IsValid=true, Min=(X=-4798.071 Y=2769.975 Z=-271.661), Max=(X=-3328.791 Y=4281.366 Z=1408.297) RuntimeGrid:None EditorOnly:0 RuntimeOnly:0 HLODRelevant:1
 |   |   |- Guid:607816A04286AA065549F3B63670DBB4 BaseClass: NativeClass:/Script/NavigationSystem.NavMeshBoundsVolume Name:NavMeshBoundsVolume_UAID_7486E2133B2D3E8101_1841208298 Label:NavMeshBoundsVolume SpatiallyLoaded:0 Bounds:IsValid=true, Min=(X=1090.485 Y=267.169 Z=36.244), Max=(X=2890.485 Y=2067.169 Z=236.244) RuntimeGrid:None EditorOnly:0 RuntimeOnly:0 HLODRelevant:0
 |   |   |- Guid:625B05B044DC817F1F5D10A5F6B40FE0 BaseClass: NativeClass:/Script/Engine.StaticMeshActor Name:StaticMeshActor_UAID_7486E2133B2D668301_1766380449 Label:SM_Cave_Tree01 SpatiallyLoaded:1 Bounds:IsValid=true, Min=(X=-4015.631 Y=4725.318 Z=97.172), Max=(X=-3603.887 Y=4908.974 Z=739.351) RuntimeGrid:None EditorOnly:0 RuntimeOnly:0 HLODRelevant:1
 |   |   |- Guid:6295DF5948865806FD9B2498D4A600F6 BaseClass: NativeClass:/Script/Landscape.LandscapeStreamingProxy Name:LandscapeStreamingProxy_267Z7CA9HFDVDWQLP83GK8SAT_30_0_2_0 Label:LandscapeStreamingProxy_0_2_0 SpatiallyLoaded:1 Bounds:IsValid=true, Min=(X=-6000.000 Y=0.000 Z=0.000), Max=(X=-3000.000 Y=3000.000 Z=200.000) RuntimeGrid:None EditorOnly:0 RuntimeOnly:0 HLODRelevant:1
 |   |   |- Guid:644571C84EBFD1D8955AB38CE660D9A3 BaseClass: NativeClass:/Script/Landscape.LandscapeStreamingProxy Name:LandscapeStreamingProxy_267Z7CA9HFDVDWQLP83GK8SAT_30_1_3_0 Label:LandscapeStreamingProxy_1_3_0 SpatiallyLoaded:1 Bounds:IsValid=true, Min=(X=-3000.000 Y=3000.000 Z=0.000), Max=(X=0.000 Y=6000.000 Z=200.000) RuntimeGrid:None EditorOnly:0 RuntimeOnly:0 HLODRelevant:1
 |   |   |- Guid:6AF8FA4C4754A72AE522DB923F418DD8 BaseClass: NativeClass:/Script/Engine.StaticMeshActor Name:StaticMeshActor_UAID_7486E2133B2D658301_2043501335 Label:SM_Cave_Rock_Ceiling2 SpatiallyLoaded:1 Bounds:IsValid=true, Min=(X=-6620.634 Y=5302.727 Z=-102.021), Max=(X=-5527.388 Y=5906.159 Z=634.688) RuntimeGrid:None EditorOnly:0 RuntimeOnly:0 HLODRelevant:1
 |   |   |- Guid:6BAF4DDD444C60371492D3919DB42C97 BaseClass: NativeClass:/Script/Engine.WorldDataLayers Name:WorldDataLayers Label:WorldDataLayers SpatiallyLoaded:0 Bounds:IsValid=true, Min=(X=0.000 Y=0.000 Z=0.000), Max=(X=0.000 Y=0.000 Z=0.000) RuntimeGrid:None EditorOnly:0 RuntimeOnly:0 HLODRelevant:0
 |   |   |- Guid:6FCADF6C4AA1E6A5AA0141A8A784DD3C BaseClass: NativeClass:/Script/Engine.StaticMeshActor Name:StaticMeshActor_UAID_7486E2133B2D658301_1231042302 Label:SM_RockPile SpatiallyLoaded:1 Bounds:IsValid=true, Min=(X=-7498.505 Y=2125.975 Z=-154.344), Max=(X=-4079.232 Y=5529.600 Z=1700.025) RuntimeGrid:None EditorOnly:0 RuntimeOnly:0 HLODRelevant:1
 |   |   |- Guid:70A5F2284763C7A4C335B8810EED21C0 BaseClass: NativeClass:/Script/Engine.StaticMeshActor Name:StaticMeshActor_UAID_7486E2133B2D668301_1755053448 Label:SM_S_Soul_bush2 SpatiallyLoaded:1 Bounds:IsValid=true, Min=(X=-4029.473 Y=5341.924 Z=113.658), Max=(X=-3509.041 Y=5695.388 Z=707.258) RuntimeGrid:None EditorOnly:0 RuntimeOnly:0 HLODRelevant:1
 |   |   |- Guid:7797F43C4233C986937F6BA099DF2D1F BaseClass: NativeClass:/Script/Engine.StaticMeshActor Name:StaticMeshActor_UAID_7486E2133B2D658301_2139802338 Label:SM_Cave_Rock_Large11 SpatiallyLoaded:1 Bounds:IsValid=true, Min=(X=-6247.758 Y=4704.943 Z=371.973), Max=(X=-4203.862 Y=5873.493 Z=2100.676) RuntimeGrid:None EditorOnly:0 RuntimeOnly:0 HLODRelevant:1
 |   |   |- Guid:788F251E4B70A04779924BAA12F69E52 BaseClass: NativeClass:/Script/Landscape.LandscapeStreamingProxy Name:LandscapeStreamingProxy_267Z7CA9HFDVDWQLP83GK8SAT_30_2_3_0 Label:LandscapeStreamingProxy_2_3_0 SpatiallyLoaded:1 Bounds:IsValid=true, Min=(X=0.000 Y=3000.000 Z=0.000), Max=(X=3000.000 Y=6000.000 Z=200.000) RuntimeGrid:None EditorOnly:0 RuntimeOnly:0 HLODRelevant:1
 |   |   |- Guid:7B6C886F4DC757E407C6BB9F82F2BA5E BaseClass: NativeClass:/Script/Landscape.LandscapeStreamingProxy Name:LandscapeStreamingProxy_267Z7CA9HFDVDWQLP83GK8SAT_30_0_1_0 Label:LandscapeStreamingProxy_0_1_0 SpatiallyLoaded:1 Bounds:IsValid=true, Min=(X=-6000.000 Y=-3000.000 Z=0.000), Max=(X=-3000.000 Y=0.000 Z=200.000) RuntimeGrid:None EditorOnly:0 RuntimeOnly:0 HLODRelevant:1
 |   |   |- Guid:7C008CB2407ED26E249918A5F3A2F391 BaseClass:/Game/CombatSystem/CourseFiles/BP/AI/BP_BossEnemy.BP_BossEnemy_C NativeClass:/Script/Engine.Character Name:BP_BossEnemy_C_UAID_7486E2133B2D9C8201_2145345895 Label:BP_BossEnemy SpatiallyLoaded:1 Bounds:IsValid=true, Min=(X=1763.380 Y=1078.735 Z=106.739), Max=(X=1875.521 Y=1179.472 Z=295.339) RuntimeGrid:None EditorOnly:0 RuntimeOnly:0 HLODRelevant:0
 |   |   |- Guid:7C4F08C845BFA1C7F54A65937FD726D9 BaseClass: NativeClass:/Script/Engine.StaticMeshActor Name:StaticMeshActor_UAID_7486E2133B2D668301_1972592457 Label:SM_Cave_Leaf_Pile03_3 SpatiallyLoaded:1 Bounds:IsValid=true, Min=(X=-4318.467 Y=4416.678 Z=100.000), Max=(X=-3351.568 Y=5355.559 Z=112.393) RuntimeGrid:None EditorOnly:0 RuntimeOnly:0 HLODRelevant:1
 |   |   |- Guid:7C83DDC84034AE3CC106BBB411E5D3D0 BaseClass: NativeClass:/Script/Engine.StaticMeshActor Name:StaticMeshActor_UAID_7486E2133B2D658301_1652203319 Label:SM_Cave_Rock_Large6 SpatiallyLoaded:1 Bounds:IsValid=true, Min=(X=-3990.639 Y=2769.975 Z=-271.661), Max=(X=-2521.359 Y=4281.366 Z=1408.297) RuntimeGrid:None EditorOnly:0 RuntimeOnly:0 HLODRelevant:1
 |   |   |- Guid:8728CE7F41645F692532C0B646DF572C BaseClass: NativeClass:/Script/Engine.StaticMeshActor Name:StaticMeshActor_UAID_7486E2133B2D648301_1537515098 Label:SM_Cave_Statue_4 SpatiallyLoaded:1 Bounds:IsValid=true, Min=(X=-3162.060 Y=4678.992 Z=109.886), Max=(X=-2968.466 Y=4896.623 Z=420.796) RuntimeGrid:None EditorOnly:0 RuntimeOnly:0 HLODRelevant:1
 |   |   |- Guid:8734C06E49B35CFA34756BA80EF1F38D BaseClass: NativeClass:/Script/Landscape.LandscapeStreamingProxy Name:LandscapeStreamingProxy_267Z7CA9HFDVDWQLP83GK8SAT_30_2_2_0 Label:LandscapeStreamingProxy_2_2_0 SpatiallyLoaded:1 Bounds:IsValid=true, Min=(X=0.000 Y=0.000 Z=0.000), Max=(X=3000.000 Y=3000.000 Z=200.000) RuntimeGrid:None EditorOnly:0 RuntimeOnly:0 HLODRelevant:1
 |   |   |- Guid:8B33EB8E46EDF3107ACD10834602DB42 BaseClass: NativeClass:/Script/Landscape.LandscapeStreamingProxy Name:LandscapeStreamingProxy_267Z7CA9HFDVDWQLP83GK8SAT_30_0_3_0 Label:LandscapeStreamingProxy_0_3_0 SpatiallyLoaded:1 Bounds:IsValid=true, Min=(X=-6000.000 Y=3000.000 Z=0.000), Max=(X=-3000.000 Y=6000.000 Z=200.000) RuntimeGrid:None EditorOnly:0 RuntimeOnly:0 HLODRelevant:1
 |   |   |- Guid:8EC71A1745F8B6727C58A780CBF09E9E BaseClass: NativeClass:/Script/Engine.StaticMeshActor Name:StaticMeshActor_UAID_7486E2133B2D658301_2037936334 Label:SM_Cave_Rock_Ceiling SpatiallyLoaded:1 Bounds:IsValid=true, Min=(X=-6671.377 Y=3938.629 Z=51.512), Max=(X=-5639.161 Y=4542.061 Z=417.076) RuntimeGrid:None EditorOnly:0 RuntimeOnly:0 HLODRelevant:1
 |   |   |- Guid:9602BDAE466009D6132ADABC799E04A6 BaseClass: NativeClass:/Script/Engine.StaticMeshActor Name:StaticMeshActor_UAID_7486E2133B2D658301_1992556333 Label:SM_Cave_Rock_Path_Single3 SpatiallyLoaded:1 Bounds:IsValid=true, Min=(X=-6460.560 Y=4143.787 Z=239.306), Max=(X=-5674.573 Y=5090.271 Z=1206.307) RuntimeGrid:None EditorOnly:0 RuntimeOnly:0 HLODRelevant:1
 |   |   |- Guid:9686B5CC4BC476268EF4BBB744689C15 BaseClass: NativeClass:/Script/Engine.StaticMeshActor Name:StaticMeshActor_UAID_7486E2133B2D658301_1795949329 Label:SM_Cave_Rock_CurvedWall3 SpatiallyLoaded:1 Bounds:IsValid=true, Min=(X=-4628.492 Y=4134.388 Z=427.990), Max=(X=-3593.152 Y=6339.437 Z=1872.980) RuntimeGrid:None EditorOnly:0 RuntimeOnly:0 HLODRelevant:1
 |   |   |- Guid:9755DF9640896993598D2095FD6554F7 BaseClass: NativeClass:/Script/Engine.StaticMeshActor Name:StaticMeshActor_UAID_7486E2133B2D658301_1400110309 Label:SM_Cave_Rock_Large5 SpatiallyLoaded:1 Bounds:IsValid=true, Min=(X=-6356.120 Y=5453.769 Z=120.295), Max=(X=-5184.699 Y=6542.802 Z=1800.253) RuntimeGrid:None EditorOnly:0 RuntimeOnly:0 HLODRelevant:1
 |   |   |- Guid:9CB76947416422886AD3C098F0B9A68D BaseClass: NativeClass:/Script/Engine.StaticMeshActor Name:StaticMeshActor_UAID_7486E2133B2D658301_1525549313 Label:SM_S_Soul_Flatrock2 SpatiallyLoaded:1 Bounds:IsValid=true, Min=(X=-6043.312 Y=5511.040 Z=98.900), Max=(X=-5872.322 Y=5627.909 Z=264.589) RuntimeGrid:None EditorOnly:0 RuntimeOnly:0 HLODRelevant:1
 |   |   |- Guid:A8A0E2074BBBF58512BE93A29A920DE5 BaseClass: NativeClass:/Script/Engine.StaticMeshActor Name:StaticMeshActor_UAID_7486E2133B2D648301_1596876101 Label:SM_Cave_Floor_Stairs_Quarter SpatiallyLoaded:1 Bounds:IsValid=true, Min=(X=-5651.343 Y=4631.419 Z=84.273), Max=(X=-5140.104 Y=5142.681 Z=170.484) RuntimeGrid:None EditorOnly:0 RuntimeOnly:0 HLODRelevant:1
 |   |   |- Guid:AE38756C4F1666488FEA7E8FA9E81EEA BaseClass: NativeClass:/Script/Engine.StaticMeshActor Name:StaticMeshActor_UAID_7486E2133B2D658301_2062383336 Label:SM_Cave_Rock_CurvedWall4 SpatiallyLoaded:1 Bounds:IsValid=true, Min=(X=-6486.590 Y=4123.962 Z=210.081), Max=(X=-4174.760 Y=5159.825 Z=1986.975) RuntimeGrid:None EditorOnly:0 RuntimeOnly:0 HLODRelevant:1
 |   |   |- Guid:AE6733BF46B2EFDC524990983B9CD280 BaseClass: NativeClass:/Script/Engine.StaticMeshActor Name:StaticMeshActor_UAID_7486E2133B2D658301_1844108331 Label:SM_Cave_Rock_Flat3 SpatiallyLoaded:1 Bounds:IsValid=true, Min=(X=-5226.979 Y=3858.821 Z=1474.084), Max=(X=-4161.501 Y=4893.775 Z=1677.954) RuntimeGrid:None EditorOnly:0 RuntimeOnly:0 HLODRelevant:1
 |   |   |- Guid:B026B8F84AE5CFB47DA6EC804F76A53D BaseClass: NativeClass:/Script/Engine.StaticMeshActor Name:StaticMeshActor_UAID_7486E2133B2D648301_1501609097 Label:SM_Cave_Statue_3 SpatiallyLoaded:1 Bounds:IsValid=true, Min=(X=-2706.319 Y=5399.155 Z=109.886), Max=(X=-2512.724 Y=5616.786 Z=420.796) RuntimeGrid:None EditorOnly:0 RuntimeOnly:0 HLODRelevant:1
 |   |   |- Guid:B2220E9F47CF7F7422E7A683D2FEF6A1 BaseClass: NativeClass:/Script/Engine.StaticMeshActor Name:StaticMeshActor_UAID_7486E2133B2D658301_1867291332 Label:SM_Cave_Rock_Path_Single2 SpatiallyLoaded:1 Bounds:IsValid=true, Min=(X=-6421.755 Y=4922.307 Z=647.537), Max=(X=-5635.769 Y=5669.713 Z=1426.304) RuntimeGrid:None EditorOnly:0 RuntimeOnly:0 HLODRelevant:1
 |   |   |- Guid:B785ED2844B84CFB91E7F39FE661CD99 BaseClass: NativeClass:/Script/Engine.DirectionalLight Name:DirectionalLight_0 Label:DirectionalLight SpatiallyLoaded:0 Bounds:IsValid=true, Min=(X=-4398046511104.000 Y=-4398046511104.000 Z=-4398046511104.000), Max=(X=4398046511104.000 Y=4398046511104.000 Z=4398046511104.000) RuntimeGrid:None EditorOnly:0 RuntimeOnly:0 HLODRelevant:0
 |   |   |- Guid:B9CC9ED34A65E1CB3824A1B75C3D8B19 BaseClass: NativeClass:/Script/Landscape.LandscapeStreamingProxy Name:LandscapeStreamingProxy_267Z7CA9HFDVDWQLP83GK8SAT_30_3_3_0 Label:LandscapeStreamingProxy_3_3_0 SpatiallyLoaded:1 Bounds:IsValid=true, Min=(X=3000.000 Y=3000.000 Z=0.000), Max=(X=6000.000 Y=6000.000 Z=200.000) RuntimeGrid:None EditorOnly:0 RuntimeOnly:0 HLODRelevant:1
 |   |   |- Guid:BCC09DAD4AEF600B17B0F689E45216DF BaseClass: NativeClass:/Script/Engine.StaticMeshActor Name:StaticMeshActor_UAID_7486E2133B2D658301_1712847324 Label:SM_Cave_Rock_CurvedWall2 SpatiallyLoaded:1 Bounds:IsValid=true, Min=(X=-5158.772 Y=3361.775 Z=234.664), Max=(X=-3994.998 Y=4575.765 Z=2276.011) RuntimeGrid:None EditorOnly:0 RuntimeOnly:0 HLODRelevant:1
 |   |   |- Guid:BCC6F77F44AFCCAB24CC9C9BCC7F7DC4 BaseClass: NativeClass:/Script/Engine.StaticMeshActor Name:StaticMeshActor_UAID_7486E2133B2D668301_1808332452 Label:SM_Cave_Roots01 SpatiallyLoaded:1 Bounds:IsValid=true, Min=(X=-2813.450 Y=4678.380 Z=63.623), Max=(X=-1944.376 Y=5616.329 Z=136.281) RuntimeGrid:None EditorOnly:0 RuntimeOnly:0 HLODRelevant:1
 |   |   |- Guid:BD95CADE4496E4982D5807994C0DCFA5 BaseClass: NativeClass:/Script/Engine.StaticMeshActor Name:StaticMeshActor_UAID_7486E2133B2D658301_1134948299 Label:SM_Cave_Rock_Large01_REDO SpatiallyLoaded:1 Bounds:IsValid=true, Min=(X=-6506.292 Y=5353.647 Z=-221.085), Max=(X=-4911.150 Y=6700.702 Z=558.952) RuntimeGrid:None EditorOnly:0 RuntimeOnly:0 HLODRelevant:1
 |   |   |- Guid:BFE7574B4584C784F004C6A8F38BAE83 BaseClass: NativeClass:/Script/Engine.StaticMeshActor Name:StaticMeshActor_UAID_7486E2133B2D658301_1776704328 Label:SM_Cave_Rock_Medium02 SpatiallyLoaded:1 Bounds:IsValid=true, Min=(X=-6299.215 Y=4018.061 Z=420.425), Max=(X=-6022.579 Y=4327.404 Z=871.887) RuntimeGrid:None EditorOnly:0 RuntimeOnly:0 HLODRelevant:1
 |   |   |- Guid:C1CC0F424E388076AB4B5987993EE473 BaseClass: NativeClass:/Script/Engine.StaticMeshActor Name:StaticMeshActor_UAID_7486E2133B2D668301_1929484454 Label:SM_Cave_Leaf_Pile03_2 SpatiallyLoaded:1 Bounds:IsValid=true, Min=(X=-4099.237 Y=4985.749 Z=100.000), Max=(X=-3132.339 Y=5924.630 Z=112.393) RuntimeGrid:None EditorOnly:0 RuntimeOnly:0 HLODRelevant:1
 |   |   |- Guid:C202D9E34C42B2C951A1C8BEBD440834 BaseClass: NativeClass:/Script/Engine.StaticMeshActor Name:StaticMeshActor_UAID_7486E2133B2D658301_2123518337 Label:SM_Cave_Rock_Large10 SpatiallyLoaded:1 Bounds:IsValid=true, Min=(X=-6590.898 Y=2761.079 Z=371.973), Max=(X=-4499.448 Y=5008.614 Z=2100.676) RuntimeGrid:None EditorOnly:0 RuntimeOnly:0 HLODRelevant:1
 |   |   |- Guid:CA45C2F34C01B9EEFA5F0E89F2DF2AC0 BaseClass: NativeClass:/Script/Landscape.LandscapeStreamingProxy Name:LandscapeStreamingProxy_267Z7CA9HFDVDWQLP83GK8SAT_30_1_1_0 Label:LandscapeStreamingProxy_1_1_0 SpatiallyLoaded:1 Bounds:IsValid=true, Min=(X=-3000.000 Y=-3000.000 Z=0.000), Max=(X=0.000 Y=0.000 Z=200.000) RuntimeGrid:None EditorOnly:0 RuntimeOnly:0 HLODRelevant:1
 |   |   |- Guid:CA5BD9CB4BCA38EFCEA8EC9EB818BD1C BaseClass: NativeClass:/Script/Engine.StaticMeshActor Name:StaticMeshActor_UAID_7486E2133B2D668301_1936567455 Label:SM_Cave_Leaf_Pile02 SpatiallyLoaded:1 Bounds:IsValid=true, Min=(X=-4311.851 Y=4069.902 Z=96.766), Max=(X=-4020.980 Y=4376.007 Z=137.030) RuntimeGrid:None EditorOnly:0 RuntimeOnly:0 HLODRelevant:1
 |   |   |- Guid:CBB5738A46B0BDCF89A9C892C0768668 BaseClass: NativeClass:/Script/Engine.StaticMeshActor Name:StaticMeshActor_UAID_7486E2133B2D658301_1667093322 Label:SM_Cave_StoneCluster03 SpatiallyLoaded:1 Bounds:IsValid=true, Min=(X=-3847.901 Y=5229.833 Z=95.002), Max=(X=-3363.434 Y=5726.366 Z=131.405) RuntimeGrid:None EditorOnly:0 RuntimeOnly:0 HLODRelevant:1
 |   |   |- Guid:CCB1685A436788DAFF5287BF3014ECE7 BaseClass: NativeClass:/Script/Engine.StaticMeshActor Name:StaticMeshActor_UAID_7486E2133B2D658301_1685834323 Label:SM_RockFlatPile SpatiallyLoaded:1 Bounds:IsValid=true, Min=(X=-4690.873 Y=4106.441 Z=-32.260), Max=(X=-4014.127 Y=4718.152 Z=128.727) RuntimeGrid:None EditorOnly:0 RuntimeOnly:0 HLODRelevant:1
 |   |   |- Guid:CCFF262C46EEFFDF319E7F9539CE697E BaseClass: NativeClass:/Script/Engine.SkyAtmosphere Name:SkyAtmosphere_0 Label:SkyAtmosphere SpatiallyLoaded:0 Bounds:IsValid=true, Min=(X=0.000 Y=0.000 Z=1020.000), Max=(X=0.000 Y=0.000 Z=1020.000) RuntimeGrid:None EditorOnly:0 RuntimeOnly:0 HLODRelevant:0 FolderPath:Lighting FolderGuid:963EC3EB4002CCE9759E2EBA541A873A
 |   |   |- Guid:D0393ABB41BFB7989EBFE69ED4A24303 BaseClass: NativeClass:/Script/Landscape.LandscapeStreamingProxy Name:LandscapeStreamingProxy_267Z7CA9HFDVDWQLP83GK8SAT_30_2_1_0 Label:LandscapeStreamingProxy_2_1_0 SpatiallyLoaded:1 Bounds:IsValid=true, Min=(X=0.000 Y=-3000.000 Z=0.000), Max=(X=3000.000 Y=0.000 Z=200.000) RuntimeGrid:None EditorOnly:0 RuntimeOnly:0 HLODRelevant:1
 |   |   |- Guid:D4B7FBAE4103154CD174B288247F5FC3 BaseClass:/Game/CombatSystem/CourseFiles/BP/Actors/BP_PickUpActor.BP_PickUpActor_C NativeClass:/Script/Engine.Actor Name:BP_PickUpActor_C_UAID_7486E2133B2D188001_1934483551 Label:BP_PickUpActor SpatiallyLoaded:1 Bounds:IsValid=true, Min=(X=958.297 Y=1396.399 Z=102.507), Max=(X=1158.297 Y=1596.399 Z=302.507) RuntimeGrid:None EditorOnly:0 RuntimeOnly:0 HLODRelevant:0
 |   |   |- Guid:D9D656BC4B3DF0C0D8DDE9AE20899D10 BaseClass: NativeClass:/Script/Engine.StaticMeshActor Name:StaticMeshActor_UAID_7486E2133B2D668301_1924909453 Label:SM_Cave_Leaf_Pile03_1 SpatiallyLoaded:1 Bounds:IsValid=true, Min=(X=-4971.799 Y=4149.441 Z=100.000), Max=(X=-4004.901 Y=5088.323 Z=112.393) RuntimeGrid:None EditorOnly:0 RuntimeOnly:0 HLODRelevant:1
 |   |   |- Guid:DB82ED5447653D12298FEEAB756916CD BaseClass: NativeClass:/Script/Engine.StaticMeshActor Name:StaticMeshActor_UAID_7486E2133B2D648301_1775283107 Label:SM_Statue_Crumble_RK SpatiallyLoaded:1 Bounds:IsValid=true, Min=(X=-5992.033 Y=4940.516 Z=276.693), Max=(X=-5862.515 Y=5115.246 Z=512.319) RuntimeGrid:None EditorOnly:0 RuntimeOnly:0 HLODRelevant:1
 |   |   |- Guid:DC2F272D44763C16B8CB96B8D95F06C5 BaseClass: NativeClass:/Script/Engine.StaticMeshActor Name:StaticMeshActor_UAID_7486E2133B2D648301_1638963102 Label:SM_Cave_Floor_Stairs_Quarter2 SpatiallyLoaded:1 Bounds:IsValid=true, Min=(X=-5140.374 Y=4631.526 Z=84.273), Max=(X=-4629.112 Y=5142.766 Z=170.484) RuntimeGrid:None EditorOnly:0 RuntimeOnly:0 HLODRelevant:1
 |   |   |- Guid:E5DE522C4C0F02A729C89593163B22E1 BaseClass: NativeClass:/Script/Engine.StaticMeshActor Name:StaticMeshActor_UAID_7486E2133B2D648301_1664753103 Label:SM_Cave_Floor_Stairs_Quarter3 SpatiallyLoaded:1 Bounds:IsValid=true, Min=(X=-5140.117 Y=5142.669 Z=84.273), Max=(X=-4628.878 Y=5653.931 Z=170.484) RuntimeGrid:None EditorOnly:0 RuntimeOnly:0 HLODRelevant:1
 |   |   |- Guid:E67DB98D4F75AAFF7039F4B85444C88A BaseClass: NativeClass:/Script/Landscape.LandscapeStreamingProxy Name:LandscapeStreamingProxy_267Z7CA9HFDVDWQLP83GK8SAT_30_1_0_0 Label:LandscapeStreamingProxy_1_0_0 SpatiallyLoaded:1 Bounds:IsValid=true, Min=(X=-3000.000 Y=-6000.000 Z=0.000), Max=(X=0.000 Y=-3000.000 Z=200.000) RuntimeGrid:None EditorOnly:0 RuntimeOnly:0 HLODRelevant:1
 |   |   |- Guid:E7B7E3524B8EDF5A325455A98EA6F5D6 BaseClass: NativeClass:/Script/Landscape.LandscapeStreamingProxy Name:LandscapeStreamingProxy_267Z7CA9HFDVDWQLP83GK8SAT_30_3_2_0 Label:LandscapeStreamingProxy_3_2_0 SpatiallyLoaded:1 Bounds:IsValid=true, Min=(X=3000.000 Y=0.000 Z=0.000), Max=(X=6000.000 Y=3000.000 Z=200.000) RuntimeGrid:None EditorOnly:0 RuntimeOnly:0 HLODRelevant:1
 |   |   |- Guid:EC4E0C944CE6AC6E784BC6BB2916EA13 BaseClass: NativeClass:/Script/Engine.StaticMeshActor Name:StaticMeshActor_UAID_A4AE111137DC5EFB00_1110535423 Label:SM_SkySphere SpatiallyLoaded:0 Bounds:IsValid=true, Min=(X=-1638400.000 Y=-1638400.000 Z=-1638400.000), Max=(X=1638400.000 Y=1638400.000 Z=1638400.000) RuntimeGrid:None EditorOnly:0 RuntimeOnly:0 HLODRelevant:1 FolderPath:Lighting FolderGuid:963EC3EB4002CCE9759E2EBA541A873A
 |   |   |- Guid:EDC27A4C44281FEDC333FB9FBEB6A2F1 BaseClass: NativeClass:/Script/NavigationSystem.RecastNavMesh Name:RecastNavMesh_UAID_7486E2133B2D3E8101-Default Label:RecastNavMesh-Default SpatiallyLoaded:0 Bounds:IsValid=true, Min=(X=0.000 Y=0.000 Z=0.000), Max=(X=0.000 Y=0.000 Z=0.000) RuntimeGrid:None EditorOnly:0 RuntimeOnly:0 HLODRelevant:0
 |   |   |- Guid:EDCA638E4D892F0294FBF4B408DB8F19 BaseClass: NativeClass:/Script/Landscape.LandscapeStreamingProxy Name:LandscapeStreamingProxy_267Z7CA9HFDVDWQLP83GK8SAT_30_2_0_0 Label:LandscapeStreamingProxy_2_0_0 SpatiallyLoaded:1 Bounds:IsValid=true, Min=(X=0.000 Y=-6000.000 Z=0.000), Max=(X=3000.000 Y=-3000.000 Z=200.000) RuntimeGrid:None EditorOnly:0 RuntimeOnly:0 HLODRelevant:1
 |   |- [+] Clusters:
 |   |   |- [+] [  0]
 |   |   |   |- Guid:6BAF4DDD444C60371492D3919DB42C97 BaseClass: NativeClass:/Script/Engine.WorldDataLayers Name:WorldDataLayers Label:WorldDataLayers SpatiallyLoaded:0 Bounds:IsValid=true, Min=(X=0.000 Y=0.000 Z=0.000), Max=(X=0.000 Y=0.000 Z=0.000) RuntimeGrid:None EditorOnly:0 RuntimeOnly:0 HLODRelevant:0
 |   |   |- [+] [  1]
 |   |   |   |- Guid:1173FBA44E091C58F0BDDE823D5FAF72 BaseClass: NativeClass:/Script/Engine.StaticMeshActor Name:StaticMeshActor_UAID_7486E2133B2D658301_1372597307 Label:SM_Cave_Rock_Large4 SpatiallyLoaded:1 Bounds:IsValid=true, Min=(X=-5764.437 Y=5544.076 Z=-325.298), Max=(X=-3937.207 Y=7033.974 Z=1669.525) RuntimeGrid:None EditorOnly:0 RuntimeOnly:0 HLODRelevant:1
 |   |   |- [+] [  2]
 |   |   |   |- Guid:6AF8FA4C4754A72AE522DB923F418DD8 BaseClass: NativeClass:/Script/Engine.StaticMeshActor Name:StaticMeshActor_UAID_7486E2133B2D658301_2043501335 Label:SM_Cave_Rock_Ceiling2 SpatiallyLoaded:1 Bounds:IsValid=true, Min=(X=-6620.634 Y=5302.727 Z=-102.021), Max=(X=-5527.388 Y=5906.159 Z=634.688) RuntimeGrid:None EditorOnly:0 RuntimeOnly:0 HLODRelevant:1
 |   |   |- [+] [  3]
 |   |   |   |- Guid:124CC6444943135A70FC688D38AF07A6 BaseClass: NativeClass:/Script/Engine.StaticMeshActor Name:StaticMeshActor_UAID_7486E2133B2D648301_1823858110 Label:SM_MergedMesh_Cave_Rock_Large02_5 SpatiallyLoaded:1 Bounds:IsValid=true, Min=(X=-829.008 Y=183.288 Z=-5708.922), Max=(X=11646.854 Y=13016.635 Z=4658.167) RuntimeGrid:None EditorOnly:0 RuntimeOnly:0 HLODRelevant:1
 |   |   |- [+] [  4]
 |   |   |   |- Guid:3E90C9FD495B95C7FB436985AD7404FB BaseClass: NativeClass:/Script/Landscape.LandscapeStreamingProxy Name:LandscapeStreamingProxy_267Z7CA9HFDVDWQLP83GK8SAT_30_1_2_0 Label:LandscapeStreamingProxy_1_2_0 SpatiallyLoaded:1 Bounds:IsValid=true, Min=(X=-3000.000 Y=0.000 Z=0.000), Max=(X=0.000 Y=3000.000 Z=200.000) RuntimeGrid:None EditorOnly:0 RuntimeOnly:0 HLODRelevant:1
 |   |   |- [+] [  5]
 |   |   |   |- Guid:3601FBE34D6DB1BCF1BAF0B250A338DD BaseClass: NativeClass:/Script/Landscape.LandscapeStreamingProxy Name:LandscapeStreamingProxy_267Z7CA9HFDVDWQLP83GK8SAT_30_3_1_0 Label:LandscapeStreamingProxy_3_1_0 SpatiallyLoaded:1 Bounds:IsValid=true, Min=(X=3000.000 Y=-3000.000 Z=0.000), Max=(X=6000.000 Y=0.000 Z=200.000) RuntimeGrid:None EditorOnly:0 RuntimeOnly:0 HLODRelevant:1
 |   |   |- [+] [  6]
 |   |   |   |- Guid:21C76DD54C49165CB6A1EF86AFB0FE2F BaseClass: NativeClass:/Script/Engine.StaticMeshActor Name:StaticMeshActor_UAID_7486E2133B2D658301_1565252315 Label:SM_Cave_Rock_Path_Single SpatiallyLoaded:1 Bounds:IsValid=true, Min=(X=-6443.637 Y=3712.432 Z=780.382), Max=(X=-5657.650 Y=4459.838 Z=1559.149) RuntimeGrid:None EditorOnly:0 RuntimeOnly:0 HLODRelevant:1
 |   |   |- [+] [  7]
 |   |   |   |- Guid:E67DB98D4F75AAFF7039F4B85444C88A BaseClass: NativeClass:/Script/Landscape.LandscapeStreamingProxy Name:LandscapeStreamingProxy_267Z7CA9HFDVDWQLP83GK8SAT_30_1_0_0 Label:LandscapeStreamingProxy_1_0_0 SpatiallyLoaded:1 Bounds:IsValid=true, Min=(X=-3000.000 Y=-6000.000 Z=0.000), Max=(X=0.000 Y=-3000.000 Z=200.000) RuntimeGrid:None EditorOnly:0 RuntimeOnly:0 HLODRelevant:1
 |   |   |- [+] [  8]
 |   |   |   |- Guid:0E5715474A55E72B290C58A95A8290F0 BaseClass: NativeClass:/Script/Engine.StaticMeshActor Name:StaticMeshActor_UAID_7486E2133B2D648301_1664754104 Label:SM_Cave_Floor_Stairs_Quarter4 SpatiallyLoaded:1 Bounds:IsValid=true, Min=(X=-5651.624 Y=5142.752 Z=84.273), Max=(X=-5140.362 Y=5653.992 Z=170.484) RuntimeGrid:None EditorOnly:0 RuntimeOnly:0 HLODRelevant:1
 |   |   |- [+] [  9]
 |   |   |   |- Guid:108868884EDE562C3C2F70A81B073501 BaseClass: NativeClass:/Script/Landscape.Landscape Name:Landscape_UAID_7486E2133B2D638301_1391172919 Label:Landscape SpatiallyLoaded:0 Bounds:IsValid=true, Min=(X=-6000.000 Y=-6000.000 Z=100.000), Max=(X=-6000.000 Y=-6000.000 Z=100.000) RuntimeGrid:None EditorOnly:0 RuntimeOnly:0 HLODRelevant:0
 |   |   |- [+] [ 10]
 |   |   |   |- Guid:D4B7FBAE4103154CD174B288247F5FC3 BaseClass:/Game/CombatSystem/CourseFiles/BP/Actors/BP_PickUpActor.BP_PickUpActor_C NativeClass:/Script/Engine.Actor Name:BP_PickUpActor_C_UAID_7486E2133B2D188001_1934483551 Label:BP_PickUpActor SpatiallyLoaded:1 Bounds:IsValid=true, Min=(X=958.297 Y=1396.399 Z=102.507), Max=(X=1158.297 Y=1596.399 Z=302.507) RuntimeGrid:None EditorOnly:0 RuntimeOnly:0 HLODRelevant:0
 |   |   |- [+] [ 11]
 |   |   |   |- Guid:0A656F7C4596C2C1AF9BE28F3AB4396D BaseClass: NativeClass:/Script/Engine.StaticMeshActor Name:StaticMeshActor_UAID_7486E2133B2D658301_1164738300 Label:SM_Cave_Rock_Large02 SpatiallyLoaded:1 Bounds:IsValid=true, Min=(X=-6744.180 Y=4489.709 Z=-741.083), Max=(X=-5418.761 Y=5746.438 Z=938.875) RuntimeGrid:None EditorOnly:0 RuntimeOnly:0 HLODRelevant:1
 |   |   |- [+] [ 12]
 |   |   |   |- Guid:607816A04286AA065549F3B63670DBB4 BaseClass: NativeClass:/Script/NavigationSystem.NavMeshBoundsVolume Name:NavMeshBoundsVolume_UAID_7486E2133B2D3E8101_1841208298 Label:NavMeshBoundsVolume SpatiallyLoaded:0 Bounds:IsValid=true, Min=(X=1090.485 Y=267.169 Z=36.244), Max=(X=2890.485 Y=2067.169 Z=236.244) RuntimeGrid:None EditorOnly:0 RuntimeOnly:0 HLODRelevant:0
 |   |   |- [+] [ 13]
 |   |   |   |- Guid:6FCADF6C4AA1E6A5AA0141A8A784DD3C BaseClass: NativeClass:/Script/Engine.StaticMeshActor Name:StaticMeshActor_UAID_7486E2133B2D658301_1231042302 Label:SM_RockPile SpatiallyLoaded:1 Bounds:IsValid=true, Min=(X=-7498.505 Y=2125.975 Z=-154.344), Max=(X=-4079.232 Y=5529.600 Z=1700.025) RuntimeGrid:None EditorOnly:0 RuntimeOnly:0 HLODRelevant:1
 |   |   |- [+] [ 14]
 |   |   |   |- Guid:644571C84EBFD1D8955AB38CE660D9A3 BaseClass: NativeClass:/Script/Landscape.LandscapeStreamingProxy Name:LandscapeStreamingProxy_267Z7CA9HFDVDWQLP83GK8SAT_30_1_3_0 Label:LandscapeStreamingProxy_1_3_0 SpatiallyLoaded:1 Bounds:IsValid=true, Min=(X=-3000.000 Y=3000.000 Z=0.000), Max=(X=0.000 Y=6000.000 Z=200.000) RuntimeGrid:None EditorOnly:0 RuntimeOnly:0 HLODRelevant:1
 |   |   |- [+] [ 15]
 |   |   |   |- Guid:E5DE522C4C0F02A729C89593163B22E1 BaseClass: NativeClass:/Script/Engine.StaticMeshActor Name:StaticMeshActor_UAID_7486E2133B2D648301_1664753103 Label:SM_Cave_Floor_Stairs_Quarter3 SpatiallyLoaded:1 Bounds:IsValid=true, Min=(X=-5140.117 Y=5142.669 Z=84.273), Max=(X=-4628.878 Y=5653.931 Z=170.484) RuntimeGrid:None EditorOnly:0 RuntimeOnly:0 HLODRelevant:1
 |   |   |- [+] [ 16]
 |   |   |   |- Guid:B2220E9F47CF7F7422E7A683D2FEF6A1 BaseClass: NativeClass:/Script/Engine.StaticMeshActor Name:StaticMeshActor_UAID_7486E2133B2D658301_1867291332 Label:SM_Cave_Rock_Path_Single2 SpatiallyLoaded:1 Bounds:IsValid=true, Min=(X=-6421.755 Y=4922.307 Z=647.537), Max=(X=-5635.769 Y=5669.713 Z=1426.304) RuntimeGrid:None EditorOnly:0 RuntimeOnly:0 HLODRelevant:1
 |   |   |- [+] [ 17]
 |   |   |   |- Guid:2F2B97034A1444304A1F459204A67BF3 BaseClass: NativeClass:/Script/Engine.StaticMeshActor Name:StaticMeshActor_UAID_7486E2133B2D658301_1491904312 Label:SM_S_Soul_Flatrock SpatiallyLoaded:1 Bounds:IsValid=true, Min=(X=-6083.569 Y=5023.550 Z=601.758), Max=(X=-5787.970 Y=5397.343 Z=974.543) RuntimeGrid:None EditorOnly:0 RuntimeOnly:0 HLODRelevant:1
 |   |   |- [+] [ 18]
 |   |   |   |- Guid:3E860CB248694C54CC3DE89592940D39 BaseClass: NativeClass:/Script/Engine.StaticMeshActor Name:StaticMeshActor_UAID_7486E2133B2D648301_1212040100 Label:SM_Cave_Arches SpatiallyLoaded:1 Bounds:IsValid=true, Min=(X=-4266.032 Y=-3189.920 Z=-1026.428), Max=(X=2272.402 Y=1959.387 Z=3978.533) RuntimeGrid:None EditorOnly:0 RuntimeOnly:0 HLODRelevant:1
 |   |   |- [+] [ 19]
 |   |   |   |- Guid:EDC27A4C44281FEDC333FB9FBEB6A2F1 BaseClass: NativeClass:/Script/NavigationSystem.RecastNavMesh Name:RecastNavMesh_UAID_7486E2133B2D3E8101-Default Label:RecastNavMesh-Default SpatiallyLoaded:0 Bounds:IsValid=true, Min=(X=0.000 Y=0.000 Z=0.000), Max=(X=0.000 Y=0.000 Z=0.000) RuntimeGrid:None EditorOnly:0 RuntimeOnly:0 HLODRelevant:0
 |   |   |- [+] [ 20]
 |   |   |   |- Guid:BCC09DAD4AEF600B17B0F689E45216DF BaseClass: NativeClass:/Script/Engine.StaticMeshActor Name:StaticMeshActor_UAID_7486E2133B2D658301_1712847324 Label:SM_Cave_Rock_CurvedWall2 SpatiallyLoaded:1 Bounds:IsValid=true, Min=(X=-5158.772 Y=3361.775 Z=234.664), Max=(X=-3994.998 Y=4575.765 Z=2276.011) RuntimeGrid:None EditorOnly:0 RuntimeOnly:0 HLODRelevant:1
 |   |   |- [+] [ 21]
 |   |   |   |- Guid:4D3BE93F4146AAAC8BBE79999D96D57F BaseClass: NativeClass:/Script/Engine.VolumetricCloud Name:VolumetricCloud_0 Label:VolumetricCloud SpatiallyLoaded:0 Bounds:IsValid=true, Min=(X=0.000 Y=0.000 Z=820.000), Max=(X=0.000 Y=0.000 Z=820.000) RuntimeGrid:None EditorOnly:0 RuntimeOnly:0 HLODRelevant:0 FolderPath:Lighting FolderGuid:963EC3EB4002CCE9759E2EBA541A873A
 |   |   |- [+] [ 22]
 |   |   |   |- Guid:8734C06E49B35CFA34756BA80EF1F38D BaseClass: NativeClass:/Script/Landscape.LandscapeStreamingProxy Name:LandscapeStreamingProxy_267Z7CA9HFDVDWQLP83GK8SAT_30_2_2_0 Label:LandscapeStreamingProxy_2_2_0 SpatiallyLoaded:1 Bounds:IsValid=true, Min=(X=0.000 Y=0.000 Z=0.000), Max=(X=3000.000 Y=3000.000 Z=200.000) RuntimeGrid:None EditorOnly:0 RuntimeOnly:0 HLODRelevant:1
 |   |   |- [+] [ 23]
 |   |   |   |- Guid:A8A0E2074BBBF58512BE93A29A920DE5 BaseClass: NativeClass:/Script/Engine.StaticMeshActor Name:StaticMeshActor_UAID_7486E2133B2D648301_1596876101 Label:SM_Cave_Floor_Stairs_Quarter SpatiallyLoaded:1 Bounds:IsValid=true, Min=(X=-5651.343 Y=4631.419 Z=84.273), Max=(X=-5140.104 Y=5142.681 Z=170.484) RuntimeGrid:None EditorOnly:0 RuntimeOnly:0 HLODRelevant:1
 |   |   |- [+] [ 24]
 |   |   |   |- Guid:2848B2604DBF03F4964DEE8783025C78 BaseClass: NativeClass:/Script/Engine.StaticMeshActor Name:StaticMeshActor_UAID_7486E2133B2D648301_1537516100 Label:SM_Cave_Statue_6 SpatiallyLoaded:1 Bounds:IsValid=true, Min=(X=-2706.319 Y=4678.992 Z=109.886), Max=(X=-2512.724 Y=4896.623 Z=420.796) RuntimeGrid:None EditorOnly:0 RuntimeOnly:0 HLODRelevant:1
 |   |   |- [+] [ 25]
 |   |   |   |- Guid:8EC71A1745F8B6727C58A780CBF09E9E BaseClass: NativeClass:/Script/Engine.StaticMeshActor Name:StaticMeshActor_UAID_7486E2133B2D658301_2037936334 Label:SM_Cave_Rock_Ceiling SpatiallyLoaded:1 Bounds:IsValid=true, Min=(X=-6671.377 Y=3938.629 Z=51.512), Max=(X=-5639.161 Y=4542.061 Z=417.076) RuntimeGrid:None EditorOnly:0 RuntimeOnly:0 HLODRelevant:1
 |   |   |- [+] [ 26]
 |   |   |   |- Guid:CCFF262C46EEFFDF319E7F9539CE697E BaseClass: NativeClass:/Script/Engine.SkyAtmosphere Name:SkyAtmosphere_0 Label:SkyAtmosphere SpatiallyLoaded:0 Bounds:IsValid=true, Min=(X=0.000 Y=0.000 Z=1020.000), Max=(X=0.000 Y=0.000 Z=1020.000) RuntimeGrid:None EditorOnly:0 RuntimeOnly:0 HLODRelevant:0 FolderPath:Lighting FolderGuid:963EC3EB4002CCE9759E2EBA541A873A
 |   |   |- [+] [ 27]
 |   |   |   |- Guid:DB82ED5447653D12298FEEAB756916CD BaseClass: NativeClass:/Script/Engine.StaticMeshActor Name:StaticMeshActor_UAID_7486E2133B2D648301_1775283107 Label:SM_Statue_Crumble_RK SpatiallyLoaded:1 Bounds:IsValid=true, Min=(X=-5992.033 Y=4940.516 Z=276.693), Max=(X=-5862.515 Y=5115.246 Z=512.319) RuntimeGrid:None EditorOnly:0 RuntimeOnly:0 HLODRelevant:1
 |   |   |- [+] [ 28]
 |   |   |   |- Guid:EC4E0C944CE6AC6E784BC6BB2916EA13 BaseClass: NativeClass:/Script/Engine.StaticMeshActor Name:StaticMeshActor_UAID_A4AE111137DC5EFB00_1110535423 Label:SM_SkySphere SpatiallyLoaded:0 Bounds:IsValid=true, Min=(X=-1638400.000 Y=-1638400.000 Z=-1638400.000), Max=(X=1638400.000 Y=1638400.000 Z=1638400.000) RuntimeGrid:None EditorOnly:0 RuntimeOnly:0 HLODRelevant:1 FolderPath:Lighting FolderGuid:963EC3EB4002CCE9759E2EBA541A873A
 |   |   |- [+] [ 29]
 |   |   |   |- Guid:B785ED2844B84CFB91E7F39FE661CD99 BaseClass: NativeClass:/Script/Engine.DirectionalLight Name:DirectionalLight_0 Label:DirectionalLight SpatiallyLoaded:0 Bounds:IsValid=true, Min=(X=-4398046511104.000 Y=-4398046511104.000 Z=-4398046511104.000), Max=(X=4398046511104.000 Y=4398046511104.000 Z=4398046511104.000) RuntimeGrid:None EditorOnly:0 RuntimeOnly:0 HLODRelevant:0
 |   |   |- [+] [ 30]
 |   |   |   |- Guid:5D3C14824AF3F8168ED37BBB8B3F977E BaseClass: NativeClass:/Script/Engine.StaticMeshActor Name:StaticMeshActor_UAID_7486E2133B2D658301_1825939330 Label:SM_Cave_Rock_Large9 SpatiallyLoaded:1 Bounds:IsValid=true, Min=(X=-5841.214 Y=5186.256 Z=354.961), Max=(X=-3802.109 Y=6275.289 Z=2334.425) RuntimeGrid:None EditorOnly:0 RuntimeOnly:0 HLODRelevant:1
 |   |   |- [+] [ 31]
 |   |   |   |- Guid:DC2F272D44763C16B8CB96B8D95F06C5 BaseClass: NativeClass:/Script/Engine.StaticMeshActor Name:StaticMeshActor_UAID_7486E2133B2D648301_1638963102 Label:SM_Cave_Floor_Stairs_Quarter2 SpatiallyLoaded:1 Bounds:IsValid=true, Min=(X=-5140.374 Y=4631.526 Z=84.273), Max=(X=-4629.112 Y=5142.766 Z=170.484) RuntimeGrid:None EditorOnly:0 RuntimeOnly:0 HLODRelevant:1
 |   |   |- [+] [ 32]
 |   |   |   |- Guid:EDCA638E4D892F0294FBF4B408DB8F19 BaseClass: NativeClass:/Script/Landscape.LandscapeStreamingProxy Name:LandscapeStreamingProxy_267Z7CA9HFDVDWQLP83GK8SAT_30_2_0_0 Label:LandscapeStreamingProxy_2_0_0 SpatiallyLoaded:1 Bounds:IsValid=true, Min=(X=0.000 Y=-6000.000 Z=0.000), Max=(X=3000.000 Y=-3000.000 Z=200.000) RuntimeGrid:None EditorOnly:0 RuntimeOnly:0 HLODRelevant:1
 |   |   |- [+] [ 33]
 |   |   |   |- Guid:4133BB974C0770A1EA229BB9B8D2E713 BaseClass: NativeClass:/Script/Landscape.LandscapeStreamingProxy Name:LandscapeStreamingProxy_267Z7CA9HFDVDWQLP83GK8SAT_30_0_0_0 Label:LandscapeStreamingProxy_0_0_0 SpatiallyLoaded:1 Bounds:IsValid=true, Min=(X=-6000.000 Y=-6000.000 Z=0.000), Max=(X=-3000.000 Y=-3000.000 Z=200.000) RuntimeGrid:None EditorOnly:0 RuntimeOnly:0 HLODRelevant:1
 |   |   |- [+] [ 34]
 |   |   |   |- Guid:1D2892A34F2CC02A5B5A8ABE640A03E8 BaseClass: NativeClass:/Script/Landscape.LandscapeStreamingProxy Name:LandscapeStreamingProxy_267Z7CA9HFDVDWQLP83GK8SAT_30_3_0_0 Label:LandscapeStreamingProxy_3_0_0 SpatiallyLoaded:1 Bounds:IsValid=true, Min=(X=3000.000 Y=-6000.000 Z=0.000), Max=(X=6000.000 Y=-3000.000 Z=200.000) RuntimeGrid:None EditorOnly:0 RuntimeOnly:0 HLODRelevant:1
 |   |   |- [+] [ 35]
 |   |   |   |- Guid:316CF2A6494ACA4C0E4180A87D36AB8F BaseClass: NativeClass:/Script/Engine.ExponentialHeightFog Name:ExponentialHeightFog_0 Label:ExponentialHeightFog SpatiallyLoaded:0 Bounds:IsValid=true, Min=(X=-5600.000 Y=-50.000 Z=-6850.000), Max=(X=-5600.000 Y=-50.000 Z=-6850.000) RuntimeGrid:None EditorOnly:0 RuntimeOnly:0 HLODRelevant:0 FolderPath:Lighting FolderGuid:963EC3EB4002CCE9759E2EBA541A873A
 |   |   |- [+] [ 36]
 |   |   |   |- Guid:0A7FF37E4EC7970C2EAEFC8DB3021491 BaseClass: NativeClass:/Script/Engine.StaticMeshActor Name:StaticMeshActor_UAID_7486E2133B2D648301_2131609122 Label:SM_Cave_Rock_CurvedWall SpatiallyLoaded:1 Bounds:IsValid=true, Min=(X=-2372.729 Y=4040.197 Z=-55.411), Max=(X=-394.330 Y=6448.387 Z=1340.142) RuntimeGrid:None EditorOnly:0 RuntimeOnly:0 HLODRelevant:1
 |   |   |- [+] [ 37]
 |   |   |   |- Guid:2E93F9834E6281FC56D7A99F0E6E0671 BaseClass: NativeClass:/Script/Engine.StaticMeshActor Name:StaticMeshActor_UAID_7486E2133B2D658301_1654643320 Label:SM_Cave_Rock_Large7 SpatiallyLoaded:1 Bounds:IsValid=true, Min=(X=-3147.919 Y=2769.975 Z=-271.661), Max=(X=-1678.639 Y=4281.366 Z=1408.297) RuntimeGrid:None EditorOnly:0 RuntimeOnly:0 HLODRelevant:1
 |   |   |- [+] [ 38]
 |   |   |   |- Guid:B9CC9ED34A65E1CB3824A1B75C3D8B19 BaseClass: NativeClass:/Script/Landscape.LandscapeStreamingProxy Name:LandscapeStreamingProxy_267Z7CA9HFDVDWQLP83GK8SAT_30_3_3_0 Label:LandscapeStreamingProxy_3_3_0 SpatiallyLoaded:1 Bounds:IsValid=true, Min=(X=3000.000 Y=3000.000 Z=0.000), Max=(X=6000.000 Y=6000.000 Z=200.000) RuntimeGrid:None EditorOnly:0 RuntimeOnly:0 HLODRelevant:1
 |   |   |- [+] [ 39]
 |   |   |   |- Guid:14C149E84369E1640716659085677CCB BaseClass: NativeClass:/Script/Engine.StaticMeshActor Name:StaticMeshActor_UAID_7486E2133B2D648301_1537516099 Label:SM_Cave_Statue_5 SpatiallyLoaded:1 Bounds:IsValid=true, Min=(X=-2245.364 Y=4678.992 Z=109.886), Max=(X=-2051.769 Y=4896.623 Z=420.796) RuntimeGrid:None EditorOnly:0 RuntimeOnly:0 HLODRelevant:1
 |   |   |- [+] [ 40]
 |   |   |   |- Guid:7B6C886F4DC757E407C6BB9F82F2BA5E BaseClass: NativeClass:/Script/Landscape.LandscapeStreamingProxy Name:LandscapeStreamingProxy_267Z7CA9HFDVDWQLP83GK8SAT_30_0_1_0 Label:LandscapeStreamingProxy_0_1_0 SpatiallyLoaded:1 Bounds:IsValid=true, Min=(X=-6000.000 Y=-3000.000 Z=0.000), Max=(X=-3000.000 Y=0.000 Z=200.000) RuntimeGrid:None EditorOnly:0 RuntimeOnly:0 HLODRelevant:1
 |   |   |- [+] [ 41]
 |   |   |   |- Guid:7797F43C4233C986937F6BA099DF2D1F BaseClass: NativeClass:/Script/Engine.StaticMeshActor Name:StaticMeshActor_UAID_7486E2133B2D658301_2139802338 Label:SM_Cave_Rock_Large11 SpatiallyLoaded:1 Bounds:IsValid=true, Min=(X=-6247.758 Y=4704.943 Z=371.973), Max=(X=-4203.862 Y=5873.493 Z=2100.676) RuntimeGrid:None EditorOnly:0 RuntimeOnly:0 HLODRelevant:1
 |   |   |- [+] [ 42]
 |   |   |   |- Guid:C202D9E34C42B2C951A1C8BEBD440834 BaseClass: NativeClass:/Script/Engine.StaticMeshActor Name:StaticMeshActor_UAID_7486E2133B2D658301_2123518337 Label:SM_Cave_Rock_Large10 SpatiallyLoaded:1 Bounds:IsValid=true, Min=(X=-6590.898 Y=2761.079 Z=371.973), Max=(X=-4499.448 Y=5008.614 Z=2100.676) RuntimeGrid:None EditorOnly:0 RuntimeOnly:0 HLODRelevant:1
 |   |   |- [+] [ 43]
 |   |   |   |- Guid:22D9A2254CE52A5DC8F6EF9F66B91261 BaseClass: NativeClass:/Script/Engine.StaticMeshActor Name:StaticMeshActor_UAID_7486E2133B2D648301_2081963120 Label:SM_slum_stairs_slumStairs_03 SpatiallyLoaded:1 Bounds:IsValid=true, Min=(X=-1128.458 Y=4727.798 Z=92.900), Max=(X=-819.380 Y=5383.614 Z=238.345) RuntimeGrid:None EditorOnly:0 RuntimeOnly:0 HLODRelevant:1
 |   |   |- [+] [ 44]
 |   |   |   |- Guid:CA45C2F34C01B9EEFA5F0E89F2DF2AC0 BaseClass: NativeClass:/Script/Landscape.LandscapeStreamingProxy Name:LandscapeStreamingProxy_267Z7CA9HFDVDWQLP83GK8SAT_30_1_1_0 Label:LandscapeStreamingProxy_1_1_0 SpatiallyLoaded:1 Bounds:IsValid=true, Min=(X=-3000.000 Y=-3000.000 Z=0.000), Max=(X=0.000 Y=0.000 Z=200.000) RuntimeGrid:None EditorOnly:0 RuntimeOnly:0 HLODRelevant:1
 |   |   |- [+] [ 45]
 |   |   |   |- Guid:BD95CADE4496E4982D5807994C0DCFA5 BaseClass: NativeClass:/Script/Engine.StaticMeshActor Name:StaticMeshActor_UAID_7486E2133B2D658301_1134948299 Label:SM_Cave_Rock_Large01_REDO SpatiallyLoaded:1 Bounds:IsValid=true, Min=(X=-6506.292 Y=5353.647 Z=-221.085), Max=(X=-4911.150 Y=6700.702 Z=558.952) RuntimeGrid:None EditorOnly:0 RuntimeOnly:0 HLODRelevant:1
 |   |   |- [+] [ 46]
 |   |   |   |- Guid:CBB5738A46B0BDCF89A9C892C0768668 BaseClass: NativeClass:/Script/Engine.StaticMeshActor Name:StaticMeshActor_UAID_7486E2133B2D658301_1667093322 Label:SM_Cave_StoneCluster03 SpatiallyLoaded:1 Bounds:IsValid=true, Min=(X=-3847.901 Y=5229.833 Z=95.002), Max=(X=-3363.434 Y=5726.366 Z=131.405) RuntimeGrid:None EditorOnly:0 RuntimeOnly:0 HLODRelevant:1
 |   |   |- [+] [ 47]
 |   |   |   |- Guid:9686B5CC4BC476268EF4BBB744689C15 BaseClass: NativeClass:/Script/Engine.StaticMeshActor Name:StaticMeshActor_UAID_7486E2133B2D658301_1795949329 Label:SM_Cave_Rock_CurvedWall3 SpatiallyLoaded:1 Bounds:IsValid=true, Min=(X=-4628.492 Y=4134.388 Z=427.990), Max=(X=-3593.152 Y=6339.437 Z=1872.980) RuntimeGrid:None EditorOnly:0 RuntimeOnly:0 HLODRelevant:1
 |   |   |- [+] [ 48]
 |   |   |   |- Guid:2FB58999456391D349DC0F86DAC136ED BaseClass: NativeClass:/Script/Engine.SkyLight Name:SkyLight_1 Label:SkyLight SpatiallyLoaded:0 Bounds:IsValid=true, Min=(X=0.000 Y=0.000 Z=690.000), Max=(X=0.000 Y=0.000 Z=690.000) RuntimeGrid:None EditorOnly:0 RuntimeOnly:0 HLODRelevant:0 FolderPath:Lighting FolderGuid:963EC3EB4002CCE9759E2EBA541A873A
 |   |   |- [+] [ 49]
 |   |   |   |- Guid:8728CE7F41645F692532C0B646DF572C BaseClass: NativeClass:/Script/Engine.StaticMeshActor Name:StaticMeshActor_UAID_7486E2133B2D648301_1537515098 Label:SM_Cave_Statue_4 SpatiallyLoaded:1 Bounds:IsValid=true, Min=(X=-3162.060 Y=4678.992 Z=109.886), Max=(X=-2968.466 Y=4896.623 Z=420.796) RuntimeGrid:None EditorOnly:0 RuntimeOnly:0 HLODRelevant:1
 |   |   |- [+] [ 50]
 |   |   |   |- Guid:D0393ABB41BFB7989EBFE69ED4A24303 BaseClass: NativeClass:/Script/Landscape.LandscapeStreamingProxy Name:LandscapeStreamingProxy_267Z7CA9HFDVDWQLP83GK8SAT_30_2_1_0 Label:LandscapeStreamingProxy_2_1_0 SpatiallyLoaded:1 Bounds:IsValid=true, Min=(X=0.000 Y=-3000.000 Z=0.000), Max=(X=3000.000 Y=0.000 Z=200.000) RuntimeGrid:None EditorOnly:0 RuntimeOnly:0 HLODRelevant:1
 |   |   |- [+] [ 51]
 |   |   |   |- Guid:AE6733BF46B2EFDC524990983B9CD280 BaseClass: NativeClass:/Script/Engine.StaticMeshActor Name:StaticMeshActor_UAID_7486E2133B2D658301_1844108331 Label:SM_Cave_Rock_Flat3 SpatiallyLoaded:1 Bounds:IsValid=true, Min=(X=-5226.979 Y=3858.821 Z=1474.084), Max=(X=-4161.501 Y=4893.775 Z=1677.954) RuntimeGrid:None EditorOnly:0 RuntimeOnly:0 HLODRelevant:1
 |   |   |- [+] [ 52]
 |   |   |   |- Guid:CCB1685A436788DAFF5287BF3014ECE7 BaseClass: NativeClass:/Script/Engine.StaticMeshActor Name:StaticMeshActor_UAID_7486E2133B2D658301_1685834323 Label:SM_RockFlatPile SpatiallyLoaded:1 Bounds:IsValid=true, Min=(X=-4690.873 Y=4106.441 Z=-32.260), Max=(X=-4014.127 Y=4718.152 Z=128.727) RuntimeGrid:None EditorOnly:0 RuntimeOnly:0 HLODRelevant:1
 |   |   |- [+] [ 53]
 |   |   |   |- Guid:1967F22C44B5F4377F7ACE89211458B8 BaseClass: NativeClass:/Script/Engine.StaticMeshActor Name:StaticMeshActor_UAID_7486E2133B2D658301_1597168317 Label:SM_Cave_Rock_Flat01 SpatiallyLoaded:1 Bounds:IsValid=true, Min=(X=-6104.894 Y=4959.775 Z=577.797), Max=(X=-5773.853 Y=5304.759 Z=835.223) RuntimeGrid:None EditorOnly:0 RuntimeOnly:0 HLODRelevant:1
 |   |   |- [+] [ 54]
 |   |   |   |- Guid:788F251E4B70A04779924BAA12F69E52 BaseClass: NativeClass:/Script/Landscape.LandscapeStreamingProxy Name:LandscapeStreamingProxy_267Z7CA9HFDVDWQLP83GK8SAT_30_2_3_0 Label:LandscapeStreamingProxy_2_3_0 SpatiallyLoaded:1 Bounds:IsValid=true, Min=(X=0.000 Y=3000.000 Z=0.000), Max=(X=3000.000 Y=6000.000 Z=200.000) RuntimeGrid:None EditorOnly:0 RuntimeOnly:0 HLODRelevant:1
 |   |   |- [+] [ 55]
 |   |   |   |- Guid:AE38756C4F1666488FEA7E8FA9E81EEA BaseClass: NativeClass:/Script/Engine.StaticMeshActor Name:StaticMeshActor_UAID_7486E2133B2D658301_2062383336 Label:SM_Cave_Rock_CurvedWall4 SpatiallyLoaded:1 Bounds:IsValid=true, Min=(X=-6486.590 Y=4123.962 Z=210.081), Max=(X=-4174.760 Y=5159.825 Z=1986.975) RuntimeGrid:None EditorOnly:0 RuntimeOnly:0 HLODRelevant:1
 |   |   |- [+] [ 56]
 |   |   |   |- Guid:7C008CB2407ED26E249918A5F3A2F391 BaseClass:/Game/CombatSystem/CourseFiles/BP/AI/BP_BossEnemy.BP_BossEnemy_C NativeClass:/Script/Engine.Character Name:BP_BossEnemy_C_UAID_7486E2133B2D9C8201_2145345895 Label:BP_BossEnemy SpatiallyLoaded:1 Bounds:IsValid=true, Min=(X=1763.380 Y=1078.735 Z=106.739), Max=(X=1875.521 Y=1179.472 Z=295.339) RuntimeGrid:None EditorOnly:0 RuntimeOnly:0 HLODRelevant:0
 |   |   |- [+] [ 57]
 |   |   |   |- Guid:0063E22B4E00B661EE6688B213B5E57F BaseClass: NativeClass:/Script/Engine.StaticMeshActor Name:StaticMeshActor_UAID_7486E2133B2D658301_1657001321 Label:SM_Cave_Rock_Large8 SpatiallyLoaded:1 Bounds:IsValid=true, Min=(X=-2216.883 Y=2769.975 Z=-271.661), Max=(X=-747.603 Y=4281.366 Z=1408.297) RuntimeGrid:None EditorOnly:0 RuntimeOnly:0 HLODRelevant:1
 |   |   |- [+] [ 58]
 |   |   |   |- Guid:9CB76947416422886AD3C098F0B9A68D BaseClass: NativeClass:/Script/Engine.StaticMeshActor Name:StaticMeshActor_UAID_7486E2133B2D658301_1525549313 Label:SM_S_Soul_Flatrock2 SpatiallyLoaded:1 Bounds:IsValid=true, Min=(X=-6043.312 Y=5511.040 Z=98.900), Max=(X=-5872.322 Y=5627.909 Z=264.589) RuntimeGrid:None EditorOnly:0 RuntimeOnly:0 HLODRelevant:1
 |   |   |- [+] [ 59]
 |   |   |   |- Guid:10A32CFF4AB6E2A6EA36BC9221F4F496 BaseClass: NativeClass:/Script/Engine.StaticMeshActor Name:StaticMeshActor_UAID_7486E2133B2D648301_1448688095 Label:SM_Cave_Statue_01 SpatiallyLoaded:1 Bounds:IsValid=true, Min=(X=-3162.060 Y=5399.155 Z=109.886), Max=(X=-2968.466 Y=5616.786 Z=420.796) RuntimeGrid:None EditorOnly:0 RuntimeOnly:0 HLODRelevant:1
 |   |   |- [+] [ 60]
 |   |   |   |- Guid:7C83DDC84034AE3CC106BBB411E5D3D0 BaseClass: NativeClass:/Script/Engine.StaticMeshActor Name:StaticMeshActor_UAID_7486E2133B2D658301_1652203319 Label:SM_Cave_Rock_Large6 SpatiallyLoaded:1 Bounds:IsValid=true, Min=(X=-3990.639 Y=2769.975 Z=-271.661), Max=(X=-2521.359 Y=4281.366 Z=1408.297) RuntimeGrid:None EditorOnly:0 RuntimeOnly:0 HLODRelevant:1
 |   |   |- [+] [ 61]
 |   |   |   |- Guid:5F13E30C4E120F08EB8B8E8F38959FA2 BaseClass: NativeClass:/Script/Engine.StaticMeshActor Name:StaticMeshActor_UAID_7486E2133B2D658301_1611068318 Label:SM_Cave_Rock_Large3 SpatiallyLoaded:1 Bounds:IsValid=true, Min=(X=-4798.071 Y=2769.975 Z=-271.661), Max=(X=-3328.791 Y=4281.366 Z=1408.297) RuntimeGrid:None EditorOnly:0 RuntimeOnly:0 HLODRelevant:1
 |   |   |- [+] [ 62]
 |   |   |   |- Guid:BFE7574B4584C784F004C6A8F38BAE83 BaseClass: NativeClass:/Script/Engine.StaticMeshActor Name:StaticMeshActor_UAID_7486E2133B2D658301_1776704328 Label:SM_Cave_Rock_Medium02 SpatiallyLoaded:1 Bounds:IsValid=true, Min=(X=-6299.215 Y=4018.061 Z=420.425), Max=(X=-6022.579 Y=4327.404 Z=871.887) RuntimeGrid:None EditorOnly:0 RuntimeOnly:0 HLODRelevant:1
 |   |   |- [+] [ 63]
 |   |   |   |- Guid:9602BDAE466009D6132ADABC799E04A6 BaseClass: NativeClass:/Script/Engine.StaticMeshActor Name:StaticMeshActor_UAID_7486E2133B2D658301_1992556333 Label:SM_Cave_Rock_Path_Single3 SpatiallyLoaded:1 Bounds:IsValid=true, Min=(X=-6460.560 Y=4143.787 Z=239.306), Max=(X=-5674.573 Y=5090.271 Z=1206.307) RuntimeGrid:None EditorOnly:0 RuntimeOnly:0 HLODRelevant:1
 |   |   |- [+] [ 64]
 |   |   |   |- Guid:5A0EB1984DBC59A1E27EA6AE82619F8C BaseClass: NativeClass:/Script/Engine.StaticMeshActor Name:StaticMeshActor_UAID_7486E2133B2D658301_1732201325 Label:SM_Cave_Rock_Large01_REDO2 SpatiallyLoaded:1 Bounds:IsValid=true, Min=(X=-5607.729 Y=3140.267 Z=385.767), Max=(X=-4865.615 Y=3875.440 Z=1783.622) RuntimeGrid:None EditorOnly:0 RuntimeOnly:0 HLODRelevant:1
 |   |   |- [+] [ 65]
 |   |   |   |- Guid:3A00AA1C422CE54C0BDB60BAF471BFBB BaseClass: NativeClass:/Script/Engine.PlayerStart Name:PlayerStart_0 Label:PlayerStart SpatiallyLoaded:0 Bounds:IsValid=true, Min=(X=-5184.758 Y=5102.938 Z=150.226), Max=(X=-5100.559 Y=5187.138 Z=334.226) RuntimeGrid:None EditorOnly:0 RuntimeOnly:0 HLODRelevant:0
 |   |   |- [+] [ 66]
 |   |   |   |- Guid:9755DF9640896993598D2095FD6554F7 BaseClass: NativeClass:/Script/Engine.StaticMeshActor Name:StaticMeshActor_UAID_7486E2133B2D658301_1400110309 Label:SM_Cave_Rock_Large5 SpatiallyLoaded:1 Bounds:IsValid=true, Min=(X=-6356.120 Y=5453.769 Z=120.295), Max=(X=-5184.699 Y=6542.802 Z=1800.253) RuntimeGrid:None EditorOnly:0 RuntimeOnly:0 HLODRelevant:1
 |   |   |- [+] [ 67]
 |   |   |   |- Guid:E7B7E3524B8EDF5A325455A98EA6F5D6 BaseClass: NativeClass:/Script/Landscape.LandscapeStreamingProxy Name:LandscapeStreamingProxy_267Z7CA9HFDVDWQLP83GK8SAT_30_3_2_0 Label:LandscapeStreamingProxy_3_2_0 SpatiallyLoaded:1 Bounds:IsValid=true, Min=(X=3000.000 Y=0.000 Z=0.000), Max=(X=6000.000 Y=3000.000 Z=200.000) RuntimeGrid:None EditorOnly:0 RuntimeOnly:0 HLODRelevant:1
 |   |   |- [+] [ 68]
 |   |   |   |- Guid:2F1055534607532F3C345D8661E96336 BaseClass: NativeClass:/Script/Engine.StaticMeshActor Name:StaticMeshActor_UAID_7486E2133B2D648301_1973529116 Label:SM_TreeMerge_2 SpatiallyLoaded:1 Bounds:IsValid=true, Min=(X=-5222.764 Y=-6486.053 Z=-170.864), Max=(X=2228.065 Y=-577.582 Z=2469.653) RuntimeGrid:None EditorOnly:0 RuntimeOnly:0 HLODRelevant:1
 |   |   |- [+] [ 69]
 |   |   |   |- Guid:8B33EB8E46EDF3107ACD10834602DB42 BaseClass: NativeClass:/Script/Landscape.LandscapeStreamingProxy Name:LandscapeStreamingProxy_267Z7CA9HFDVDWQLP83GK8SAT_30_0_3_0 Label:LandscapeStreamingProxy_0_3_0 SpatiallyLoaded:1 Bounds:IsValid=true, Min=(X=-6000.000 Y=3000.000 Z=0.000), Max=(X=-3000.000 Y=6000.000 Z=200.000) RuntimeGrid:None EditorOnly:0 RuntimeOnly:0 HLODRelevant:1
 |   |   |- [+] [ 70]
 |   |   |   |- Guid:47E3C22348A5169F004118A437B0D650 BaseClass: NativeClass:/Script/Engine.StaticMeshActor Name:StaticMeshActor_UAID_7486E2133B2D648301_1501245096 Label:SM_Cave_Statue_2 SpatiallyLoaded:1 Bounds:IsValid=true, Min=(X=-2245.364 Y=5399.155 Z=109.886), Max=(X=-2051.769 Y=5616.786 Z=420.796) RuntimeGrid:None EditorOnly:0 RuntimeOnly:0 HLODRelevant:1
 |   |   |- [+] [ 71]
 |   |   |   |- Guid:6295DF5948865806FD9B2498D4A600F6 BaseClass: NativeClass:/Script/Landscape.LandscapeStreamingProxy Name:LandscapeStreamingProxy_267Z7CA9HFDVDWQLP83GK8SAT_30_0_2_0 Label:LandscapeStreamingProxy_0_2_0 SpatiallyLoaded:1 Bounds:IsValid=true, Min=(X=-6000.000 Y=0.000 Z=0.000), Max=(X=-3000.000 Y=3000.000 Z=200.000) RuntimeGrid:None EditorOnly:0 RuntimeOnly:0 HLODRelevant:1
 |   |   |- [+] [ 72]
 |   |   |   |- Guid:B026B8F84AE5CFB47DA6EC804F76A53D BaseClass: NativeClass:/Script/Engine.StaticMeshActor Name:StaticMeshActor_UAID_7486E2133B2D648301_1501609097 Label:SM_Cave_Statue_3 SpatiallyLoaded:1 Bounds:IsValid=true, Min=(X=-2706.319 Y=5399.155 Z=109.886), Max=(X=-2512.724 Y=5616.786 Z=420.796) RuntimeGrid:None EditorOnly:0 RuntimeOnly:0 HLODRelevant:1
 |   |   |- [+] [ 73]
 |   |   |   |- Guid:3D7D90BF412507015EC63FB639BCDB92 BaseClass: NativeClass:/Script/Engine.StaticMeshActor Name:StaticMeshActor_UAID_7486E2133B2D668301_1752502447 Label:SM_S_Soul_bush SpatiallyLoaded:1 Bounds:IsValid=true, Min=(X=-4576.680 Y=4217.697 Z=100.208), Max=(X=-4056.248 Y=4571.161 Z=693.808) RuntimeGrid:None EditorOnly:0 RuntimeOnly:0 HLODRelevant:1
 |   |   |- [+] [ 74]
 |   |   |   |- Guid:70A5F2284763C7A4C335B8810EED21C0 BaseClass: NativeClass:/Script/Engine.StaticMeshActor Name:StaticMeshActor_UAID_7486E2133B2D668301_1755053448 Label:SM_S_Soul_bush2 SpatiallyLoaded:1 Bounds:IsValid=true, Min=(X=-4029.473 Y=5341.924 Z=113.658), Max=(X=-3509.041 Y=5695.388 Z=707.258) RuntimeGrid:None EditorOnly:0 RuntimeOnly:0 HLODRelevant:1
 |   |   |- [+] [ 75]
 |   |   |   |- Guid:625B05B044DC817F1F5D10A5F6B40FE0 BaseClass: NativeClass:/Script/Engine.StaticMeshActor Name:StaticMeshActor_UAID_7486E2133B2D668301_1766380449 Label:SM_Cave_Tree01 SpatiallyLoaded:1 Bounds:IsValid=true, Min=(X=-4015.631 Y=4725.318 Z=97.172), Max=(X=-3603.887 Y=4908.974 Z=739.351) RuntimeGrid:None EditorOnly:0 RuntimeOnly:0 HLODRelevant:1
 |   |   |- [+] [ 76]
 |   |   |   |- Guid:026E055943F62A2925E39FBD429022EE BaseClass: NativeClass:/Script/Engine.StaticMeshActor Name:StaticMeshActor_UAID_7486E2133B2D668301_1785790451 Label:SM_Cave_Roots02 SpatiallyLoaded:1 Bounds:IsValid=true, Min=(X=-3732.961 Y=4778.026 Z=52.301), Max=(X=-3096.047 Y=5369.737 Z=143.327) RuntimeGrid:None EditorOnly:0 RuntimeOnly:0 HLODRelevant:1
 |   |   |- [+] [ 77]
 |   |   |   |- Guid:BCC6F77F44AFCCAB24CC9C9BCC7F7DC4 BaseClass: NativeClass:/Script/Engine.StaticMeshActor Name:StaticMeshActor_UAID_7486E2133B2D668301_1808332452 Label:SM_Cave_Roots01 SpatiallyLoaded:1 Bounds:IsValid=true, Min=(X=-2813.450 Y=4678.380 Z=63.623), Max=(X=-1944.376 Y=5616.329 Z=136.281) RuntimeGrid:None EditorOnly:0 RuntimeOnly:0 HLODRelevant:1
 |   |   |- [+] [ 78]
 |   |   |   |- Guid:D9D656BC4B3DF0C0D8DDE9AE20899D10 BaseClass: NativeClass:/Script/Engine.StaticMeshActor Name:StaticMeshActor_UAID_7486E2133B2D668301_1924909453 Label:SM_Cave_Leaf_Pile03_1 SpatiallyLoaded:1 Bounds:IsValid=true, Min=(X=-4971.799 Y=4149.441 Z=100.000), Max=(X=-4004.901 Y=5088.323 Z=112.393) RuntimeGrid:None EditorOnly:0 RuntimeOnly:0 HLODRelevant:1
 |   |   |- [+] [ 79]
 |   |   |   |- Guid:C1CC0F424E388076AB4B5987993EE473 BaseClass: NativeClass:/Script/Engine.StaticMeshActor Name:StaticMeshActor_UAID_7486E2133B2D668301_1929484454 Label:SM_Cave_Leaf_Pile03_2 SpatiallyLoaded:1 Bounds:IsValid=true, Min=(X=-4099.237 Y=4985.749 Z=100.000), Max=(X=-3132.339 Y=5924.630 Z=112.393) RuntimeGrid:None EditorOnly:0 RuntimeOnly:0 HLODRelevant:1
 |   |   |- [+] [ 80]
 |   |   |   |- Guid:CA5BD9CB4BCA38EFCEA8EC9EB818BD1C BaseClass: NativeClass:/Script/Engine.StaticMeshActor Name:StaticMeshActor_UAID_7486E2133B2D668301_1936567455 Label:SM_Cave_Leaf_Pile02 SpatiallyLoaded:1 Bounds:IsValid=true, Min=(X=-4311.851 Y=4069.902 Z=96.766), Max=(X=-4020.980 Y=4376.007 Z=137.030) RuntimeGrid:None EditorOnly:0 RuntimeOnly:0 HLODRelevant:1
 |   |   |- [+] [ 81]
 |   |   |   |- Guid:7C4F08C845BFA1C7F54A65937FD726D9 BaseClass: NativeClass:/Script/Engine.StaticMeshActor Name:StaticMeshActor_UAID_7486E2133B2D668301_1972592457 Label:SM_Cave_Leaf_Pile03_3 SpatiallyLoaded:1 Bounds:IsValid=true, Min=(X=-4318.467 Y=4416.678 Z=100.000), Max=(X=-3351.568 Y=5355.559 Z=112.393) RuntimeGrid:None EditorOnly:0 RuntimeOnly:0 HLODRelevant:1
 |- ContainerInstances:
 |- [+] MainContainer:
 |   |-        ID: 0x0000000000000000
 |   |-    Bounds: IsValid=false, Min=(X=0.000 Y=0.000 Z=0.000), Max=(X=0.000 Y=0.000 Z=0.000)
 |   |- Transform: 0.000000,0.000000,0.000000|0.000000,0.000000,-0.000000|1.000000,1.000000,1.000000
 |   |- Container: /Game/ThirdPerson/Maps/ThirdPersonMap
----------------------------------------------------------------------------------------------------------------
ThirdPersonMap - Persistent Level
----------------------------------------------------------------------------------------------------------------
Always loaded Actor Count: 103 

----------------------------------------------------------------------------------------------------------------
ThirdPersonMap - Runtime Spatial Hash - Streaming Grid - MainGrid
----------------------------------------------------------------------------------------------------------------
            Origin: X=0.000 Y=0.000 Z=0.000
         Cell Size: 12800
      World Bounds: IsValid=false, Min=(X=0.000 Y=0.000 Z=0.000), Max=(X=0.000 Y=0.000 Z=0.000)
     Loading Range: 25600.00
Block Slow Loading: No
 ClientOnlyVisible: No

[+] Grid Levels: 1
 |- Level  0: Cell Count    0 | Cell Size   12800 | Actor Count    0 (0.0%)

[+] Content of Grid Level 0

